<?xml version="1.0" encoding="UTF-8"?>
<testsuite name="org.ptaxhexagonal.interfaces.PtaxControllerTest" tests="2" skipped="0" failures="0" errors="0" timestamp="2025-05-18T02:38:32.077Z" hostname="ULTRAKLEYTON" time="0.004">
  <properties/>
  <testcase name="deve retornar ptax para data conhecida()" classname="org.ptaxhexagonal.interfaces.PtaxControllerTest" time="0.002"/>
  <testcase name="deve retornar null para data desconhecida()" classname="org.ptaxhexagonal.interfaces.PtaxControllerTest" time="0.001"/>
  <system-out><![CDATA[]]></system-out>
  <system-err><![CDATA[]]></system-err>
</testsuite>
